<?xml version="1.0" encoding="UTF-8"?>
<!-- Generated by org.testng.reporters.JUnitReportReporter -->
<testsuite hostname="Jeans-MacBook-Air.local" failures="0" tests="1" name="Test.day2" time="0.012" errors="0" timestamp="2022-11-16T11:58:06 EST" skipped="0">
  <testcase classname="Test.day2" name="Demo3" time="0.012"/>
  <system-out/>
</testsuite> <!-- Test.day2 -->
