<?xml version="1.0" encoding="UTF-8"?>
<!-- Generated by org.testng.reporters.JUnitReportReporter -->
<testsuite hostname="Jeans-MacBook-Air.local" failures="0" tests="2" name="Test.day1" time="0.002" errors="0" timestamp="2022-11-16T11:58:06 EST" skipped="0">
  <testcase classname="Test.day1" name="Demo2" time="0.001"/>
  <system-out/>
  <testcase classname="Test.day1" name="Demo" time="0.001"/>
  <system-out/>
</testsuite> <!-- Test.day1 -->
